{
"contracts\\bidToken.sol":{"l":{"8":6},"path":"C:\\SEM 3\\INFO 7500\\dutch-auction-v4\\contracts\\bidToken.sol","s":{"1":6},"b":{},"f":{"1":6},"fnMap":{"1":{"name":"constructor","line":7,"loc":{"start":{"line":7,"column":4},"end":{"line":9,"column":4}}}},"statementMap":{"1":{"start":{"line":8,"column":8},"end":{"line":8,"column":52}}},"branchMap":{}},
"contracts\\Lock.sol":{"l":{"14":4,"19":3,"20":3,"27":5,"28":4,"30":3,"32":3},"path":"C:\\SEM 3\\INFO 7500\\dutch-auction-v4\\contracts\\Lock.sol","s":{"1":4,"2":5,"3":4,"4":3,"5":3},"b":{"1":[3,1],"2":[4,1],"3":[3,1]},"f":{"1":4,"2":5},"fnMap":{"1":{"name":"constructor","line":13,"loc":{"start":{"line":13,"column":4},"end":{"line":21,"column":4}}},"2":{"name":"withdraw","line":23,"loc":{"start":{"line":23,"column":4},"end":{"line":33,"column":4}}}},"statementMap":{"1":{"start":{"line":14,"column":8},"end":{"line":14,"column":327}},"2":{"start":{"line":27,"column":8},"end":{"line":27,"column":71}},"3":{"start":{"line":28,"column":8},"end":{"line":28,"column":59}},"4":{"start":{"line":30,"column":8},"end":{"line":30,"column":63}},"5":{"start":{"line":32,"column":8},"end":{"line":32,"column":44}}},"branchMap":{"1":{"line":14,"type":"if","locations":[{"start":{"line":14,"column":8},"end":{"line":14,"column":8}},{"start":{"line":14,"column":8},"end":{"line":14,"column":8}}]},"2":{"line":27,"type":"if","locations":[{"start":{"line":27,"column":8},"end":{"line":27,"column":8}},{"start":{"line":27,"column":8},"end":{"line":27,"column":8}}]},"3":{"line":28,"type":"if","locations":[{"start":{"line":28,"column":8},"end":{"line":28,"column":8}},{"start":{"line":28,"column":8},"end":{"line":28,"column":8}}]}}},
"contracts\\NFTDutch.sol":{"l":{"16":3,"17":3,"18":3},"path":"C:\\SEM 3\\INFO 7500\\dutch-auction-v4\\contracts\\NFTDutch.sol","s":{"1":3,"2":3,"3":3},"b":{},"f":{"1":6,"2":3},"fnMap":{"1":{"name":"constructor","line":13,"loc":{"start":{"line":13,"column":4},"end":{"line":13,"column":45}}},"2":{"name":"safeMint","line":15,"loc":{"start":{"line":15,"column":4},"end":{"line":19,"column":4}}}},"statementMap":{"1":{"start":{"line":16,"column":8},"end":{"line":16,"column":34}},"2":{"start":{"line":17,"column":8},"end":{"line":17,"column":51}},"3":{"start":{"line":18,"column":8},"end":{"line":18,"column":29}}},"branchMap":{}},
"contracts\\NFTDutchAuction_ERC20bids.sol":{"l":{"30":4,"31":3,"32":3,"33":3,"34":3,"38":3,"39":3,"40":3,"41":2,"59":3,"60":3,"61":3,"62":3,"63":3,"64":3,"65":3,"66":3,"67":3,"68":3,"69":3,"73":2,"74":2,"75":2,"76":2},"path":"C:\\SEM 3\\INFO 7500\\dutch-auction-v4\\contracts\\NFTDutchAuction_ERC20bids.sol","s":{"1":4,"2":3,"3":3,"4":3,"5":3,"6":3,"7":3,"8":2,"9":2,"10":2},"b":{"1":[3,1],"2":[3,0],"3":[3,0],"4":[3,0],"5":[2,1],"6":[3,0],"7":[3,1],"8":[2,1]},"f":{"1":4,"2":3,"3":3,"4":2},"fnMap":{"1":{"name":"isAuctionValid","line":29,"loc":{"start":{"line":29,"column":4},"end":{"line":35,"column":4}}},"2":{"name":"isValidBid","line":37,"loc":{"start":{"line":37,"column":4},"end":{"line":42,"column":4}}},"3":{"name":"set_values","line":58,"loc":{"start":{"line":58,"column":4},"end":{"line":70,"column":4}}},"4":{"name":"bid","line":72,"loc":{"start":{"line":72,"column":4},"end":{"line":77,"column":4}}}},"statementMap":{"1":{"start":{"line":30,"column":8},"end":{"line":30,"column":58}},"2":{"start":{"line":31,"column":8},"end":{"line":31,"column":50}},"3":{"start":{"line":32,"column":8},"end":{"line":32,"column":81}},"4":{"start":{"line":33,"column":8},"end":{"line":33,"column":69}},"5":{"start":{"line":38,"column":8},"end":{"line":38,"column":68}},"6":{"start":{"line":39,"column":8},"end":{"line":39,"column":85}},"7":{"start":{"line":40,"column":8},"end":{"line":40,"column":66}},"8":{"start":{"line":73,"column":8},"end":{"line":73,"column":63}},"9":{"start":{"line":74,"column":8},"end":{"line":74,"column":64}},"10":{"start":{"line":76,"column":8},"end":{"line":76,"column":25}}},"branchMap":{"1":{"line":30,"type":"if","locations":[{"start":{"line":30,"column":8},"end":{"line":30,"column":8}},{"start":{"line":30,"column":8},"end":{"line":30,"column":8}}]},"2":{"line":31,"type":"if","locations":[{"start":{"line":31,"column":8},"end":{"line":31,"column":8}},{"start":{"line":31,"column":8},"end":{"line":31,"column":8}}]},"3":{"line":32,"type":"if","locations":[{"start":{"line":32,"column":8},"end":{"line":32,"column":8}},{"start":{"line":32,"column":8},"end":{"line":32,"column":8}}]},"4":{"line":33,"type":"if","locations":[{"start":{"line":33,"column":8},"end":{"line":33,"column":8}},{"start":{"line":33,"column":8},"end":{"line":33,"column":8}}]},"5":{"line":40,"type":"if","locations":[{"start":{"line":40,"column":8},"end":{"line":40,"column":8}},{"start":{"line":40,"column":8},"end":{"line":40,"column":8}}]},"6":{"line":58,"type":"if","locations":[{"start":{"line":58,"column":192},"end":{"line":58,"column":192}},{"start":{"line":58,"column":192},"end":{"line":58,"column":192}}]},"7":{"line":72,"type":"if","locations":[{"start":{"line":72,"column":34},"end":{"line":72,"column":34}},{"start":{"line":72,"column":34},"end":{"line":72,"column":34}}]},"8":{"line":72,"type":"if","locations":[{"start":{"line":72,"column":49},"end":{"line":72,"column":49}},{"start":{"line":72,"column":49},"end":{"line":72,"column":49}}]}}},
"contracts\\proxyContract.sol":{"l":{"11":3,"14":3,"15":3,"16":3},"path":"C:\\SEM 3\\INFO 7500\\dutch-auction-v4\\contracts\\proxyContract.sol","s":{"1":3,"2":3,"3":3,"4":3},"b":{"1":[3,0],"2":[0,0]},"f":{"1":3,"2":3,"3":0},"fnMap":{"1":{"name":"constructor","line":10,"loc":{"start":{"line":10,"column":4},"end":{"line":12,"column":4}}},"2":{"name":"initialize","line":13,"loc":{"start":{"line":13,"column":4},"end":{"line":19,"column":4}}},"3":{"name":"_authorizeUpgrade","line":23,"loc":{"start":{"line":21,"column":4},"end":{"line":25,"column":5}}}},"statementMap":{"1":{"start":{"line":11,"column":8},"end":{"line":11,"column":29}},"2":{"start":{"line":14,"column":8},"end":{"line":14,"column":129}},"3":{"start":{"line":15,"column":8},"end":{"line":15,"column":23}},"4":{"start":{"line":16,"column":8},"end":{"line":16,"column":31}}},"branchMap":{"1":{"line":13,"type":"if","locations":[{"start":{"line":13,"column":183},"end":{"line":13,"column":183}},{"start":{"line":13,"column":183},"end":{"line":13,"column":183}}]},"2":{"line":23,"type":"if","locations":[{"start":{"line":23,"column":8},"end":{"line":23,"column":8}},{"start":{"line":23,"column":8},"end":{"line":23,"column":8}}]}}}}
