{
"contracts\\bidToken.sol":{"l":{"8":2},"path":"C:\\SEM 3\\INFO 7500\\dutch-auction-v3\\contracts\\bidToken.sol","s":{"1":2},"b":{},"f":{"1":2},"fnMap":{"1":{"name":"constructor","line":7,"loc":{"start":{"line":7,"column":4},"end":{"line":9,"column":4}}}},"statementMap":{"1":{"start":{"line":8,"column":8},"end":{"line":8,"column":52}}},"branchMap":{}},
"contracts\\Lock.sol":{"l":{"14":2,"19":1,"20":1,"27":5,"28":4,"30":3,"32":3},"path":"C:\\SEM 3\\INFO 7500\\dutch-auction-v3\\contracts\\Lock.sol","s":{"1":2,"2":5,"3":4,"4":3,"5":3},"b":{"1":[1,1],"2":[4,1],"3":[3,1]},"f":{"1":2,"2":5},"fnMap":{"1":{"name":"constructor","line":13,"loc":{"start":{"line":13,"column":4},"end":{"line":21,"column":4}}},"2":{"name":"withdraw","line":23,"loc":{"start":{"line":23,"column":4},"end":{"line":33,"column":4}}}},"statementMap":{"1":{"start":{"line":14,"column":8},"end":{"line":14,"column":327}},"2":{"start":{"line":27,"column":8},"end":{"line":27,"column":71}},"3":{"start":{"line":28,"column":8},"end":{"line":28,"column":59}},"4":{"start":{"line":30,"column":8},"end":{"line":30,"column":63}},"5":{"start":{"line":32,"column":8},"end":{"line":32,"column":44}}},"branchMap":{"1":{"line":14,"type":"if","locations":[{"start":{"line":14,"column":8},"end":{"line":14,"column":8}},{"start":{"line":14,"column":8},"end":{"line":14,"column":8}}]},"2":{"line":27,"type":"if","locations":[{"start":{"line":27,"column":8},"end":{"line":27,"column":8}},{"start":{"line":27,"column":8},"end":{"line":27,"column":8}}]},"3":{"line":28,"type":"if","locations":[{"start":{"line":28,"column":8},"end":{"line":28,"column":8}},{"start":{"line":28,"column":8},"end":{"line":28,"column":8}}]}}},
"contracts\\NFTDutch.sol":{"l":{"16":3,"17":3,"18":3},"path":"C:\\SEM 3\\INFO 7500\\dutch-auction-v3\\contracts\\NFTDutch.sol","s":{"1":3,"2":3,"3":3},"b":{},"f":{"1":2,"2":3},"fnMap":{"1":{"name":"constructor","line":13,"loc":{"start":{"line":13,"column":4},"end":{"line":13,"column":45}}},"2":{"name":"safeMint","line":15,"loc":{"start":{"line":15,"column":4},"end":{"line":19,"column":4}}}},"statementMap":{"1":{"start":{"line":16,"column":8},"end":{"line":16,"column":34}},"2":{"start":{"line":17,"column":8},"end":{"line":17,"column":51}},"3":{"start":{"line":18,"column":8},"end":{"line":18,"column":29}}},"branchMap":{}},
"contracts\\NFTDutchAuction_ERC20bids.sol":{"l":{"29":4,"30":3,"31":3,"32":3,"33":3,"37":3,"38":3,"39":3,"40":2,"43":1,"44":1,"45":1,"46":1,"47":1,"48":1,"49":1,"50":1,"51":1,"52":1,"53":1,"58":2,"59":2,"60":2,"61":2},"path":"C:\\SEM 3\\INFO 7500\\dutch-auction-v3\\contracts\\NFTDutchAuction_ERC20bids.sol","s":{"1":4,"2":3,"3":3,"4":3,"5":3,"6":3,"7":3,"8":2,"9":2,"10":2},"b":{"1":[3,1],"2":[3,0],"3":[3,0],"4":[3,0],"5":[2,1],"6":[3,1],"7":[2,1]},"f":{"1":4,"2":3,"3":1,"4":2},"fnMap":{"1":{"name":"isAuctionValid","line":28,"loc":{"start":{"line":28,"column":4},"end":{"line":34,"column":4}}},"2":{"name":"isValidBid","line":36,"loc":{"start":{"line":36,"column":4},"end":{"line":41,"column":4}}},"3":{"name":"constructor","line":42,"loc":{"start":{"line":42,"column":4},"end":{"line":55,"column":4}}},"4":{"name":"bid","line":57,"loc":{"start":{"line":57,"column":4},"end":{"line":62,"column":4}}}},"statementMap":{"1":{"start":{"line":29,"column":8},"end":{"line":29,"column":54}},"2":{"start":{"line":30,"column":8},"end":{"line":30,"column":50}},"3":{"start":{"line":31,"column":8},"end":{"line":31,"column":81}},"4":{"start":{"line":32,"column":8},"end":{"line":32,"column":69}},"5":{"start":{"line":37,"column":8},"end":{"line":37,"column":68}},"6":{"start":{"line":38,"column":8},"end":{"line":38,"column":85}},"7":{"start":{"line":39,"column":8},"end":{"line":39,"column":66}},"8":{"start":{"line":58,"column":8},"end":{"line":58,"column":59}},"9":{"start":{"line":59,"column":8},"end":{"line":59,"column":60}},"10":{"start":{"line":61,"column":8},"end":{"line":61,"column":25}}},"branchMap":{"1":{"line":29,"type":"if","locations":[{"start":{"line":29,"column":8},"end":{"line":29,"column":8}},{"start":{"line":29,"column":8},"end":{"line":29,"column":8}}]},"2":{"line":30,"type":"if","locations":[{"start":{"line":30,"column":8},"end":{"line":30,"column":8}},{"start":{"line":30,"column":8},"end":{"line":30,"column":8}}]},"3":{"line":31,"type":"if","locations":[{"start":{"line":31,"column":8},"end":{"line":31,"column":8}},{"start":{"line":31,"column":8},"end":{"line":31,"column":8}}]},"4":{"line":32,"type":"if","locations":[{"start":{"line":32,"column":8},"end":{"line":32,"column":8}},{"start":{"line":32,"column":8},"end":{"line":32,"column":8}}]},"5":{"line":39,"type":"if","locations":[{"start":{"line":39,"column":8},"end":{"line":39,"column":8}},{"start":{"line":39,"column":8},"end":{"line":39,"column":8}}]},"6":{"line":57,"type":"if","locations":[{"start":{"line":57,"column":34},"end":{"line":57,"column":34}},{"start":{"line":57,"column":34},"end":{"line":57,"column":34}}]},"7":{"line":57,"type":"if","locations":[{"start":{"line":57,"column":49},"end":{"line":57,"column":49}},{"start":{"line":57,"column":49},"end":{"line":57,"column":49}}]}}}}
