TN:
SF:C:\SEM 3\INFO 7500\dutch-auction-v4\contracts\bidToken.sol
FN:7,constructor
FNF:1
FNH:1
FNDA:6,constructor
DA:8,6
LF:1
LH:1
BRF:0
BRH:0
end_of_record
TN:
SF:C:\SEM 3\INFO 7500\dutch-auction-v4\contracts\Lock.sol
FN:13,constructor
FN:23,withdraw
FNF:2
FNH:2
FNDA:4,constructor
FNDA:5,withdraw
DA:14,4
DA:19,3
DA:20,3
DA:27,5
DA:28,4
DA:30,3
DA:32,3
LF:7
LH:7
BRDA:14,1,0,3
BRDA:14,1,1,1
BRDA:27,2,0,4
BRDA:27,2,1,1
BRDA:28,3,0,3
BRDA:28,3,1,1
BRF:6
BRH:6
end_of_record
TN:
SF:C:\SEM 3\INFO 7500\dutch-auction-v4\contracts\NFTDutch.sol
FN:13,constructor
FN:15,safeMint
FNF:2
FNH:2
FNDA:6,constructor
FNDA:3,safeMint
DA:16,3
DA:17,3
DA:18,3
LF:3
LH:3
BRF:0
BRH:0
end_of_record
TN:
SF:C:\SEM 3\INFO 7500\dutch-auction-v4\contracts\NFTDutchAuction_ERC20bids.sol
FN:29,isAuctionValid
FN:37,isValidBid
FN:58,set_values
FN:72,bid
FNF:4
FNH:4
FNDA:4,isAuctionValid
FNDA:3,isValidBid
FNDA:3,set_values
FNDA:2,bid
DA:30,4
DA:31,3
DA:32,3
DA:33,3
DA:34,3
DA:38,3
DA:39,3
DA:40,3
DA:41,2
DA:59,3
DA:60,3
DA:61,3
DA:62,3
DA:63,3
DA:64,3
DA:65,3
DA:66,3
DA:67,3
DA:68,3
DA:69,3
DA:73,2
DA:74,2
DA:75,2
DA:76,2
LF:24
LH:24
BRDA:30,1,0,3
BRDA:30,1,1,1
BRDA:31,2,0,3
BRDA:31,2,1,0
BRDA:32,3,0,3
BRDA:32,3,1,0
BRDA:33,4,0,3
BRDA:33,4,1,0
BRDA:40,5,0,2
BRDA:40,5,1,1
BRDA:58,6,0,3
BRDA:58,6,1,0
BRDA:72,7,0,3
BRDA:72,7,1,1
BRDA:72,8,0,2
BRDA:72,8,1,1
BRF:16
BRH:12
end_of_record
TN:
SF:C:\SEM 3\INFO 7500\dutch-auction-v4\contracts\proxyContract.sol
FN:10,constructor
FN:13,initialize
FN:23,_authorizeUpgrade
FNF:3
FNH:2
FNDA:3,constructor
FNDA:3,initialize
FNDA:0,_authorizeUpgrade
DA:11,3
DA:14,3
DA:15,3
DA:16,3
LF:4
LH:4
BRDA:13,1,0,3
BRDA:13,1,1,0
BRDA:23,2,0,0
BRDA:23,2,1,0
BRF:4
BRH:1
end_of_record
