TN:
SF:C:\SEM 3\INFO 7500\dutch-auction-v3\contracts\bidToken.sol
FN:7,constructor
FNF:1
FNH:1
FNDA:2,constructor
DA:8,2
LF:1
LH:1
BRF:0
BRH:0
end_of_record
TN:
SF:C:\SEM 3\INFO 7500\dutch-auction-v3\contracts\Lock.sol
FN:13,constructor
FN:23,withdraw
FNF:2
FNH:2
FNDA:2,constructor
FNDA:5,withdraw
DA:14,2
DA:19,1
DA:20,1
DA:27,5
DA:28,4
DA:30,3
DA:32,3
LF:7
LH:7
BRDA:14,1,0,1
BRDA:14,1,1,1
BRDA:27,2,0,4
BRDA:27,2,1,1
BRDA:28,3,0,3
BRDA:28,3,1,1
BRF:6
BRH:6
end_of_record
TN:
SF:C:\SEM 3\INFO 7500\dutch-auction-v3\contracts\NFTDutch.sol
FN:13,constructor
FN:15,safeMint
FNF:2
FNH:2
FNDA:2,constructor
FNDA:3,safeMint
DA:16,3
DA:17,3
DA:18,3
LF:3
LH:3
BRF:0
BRH:0
end_of_record
TN:
SF:C:\SEM 3\INFO 7500\dutch-auction-v3\contracts\NFTDutchAuction_ERC20bids.sol
FN:28,isAuctionValid
FN:36,isValidBid
FN:42,constructor
FN:57,bid
FNF:4
FNH:4
FNDA:4,isAuctionValid
FNDA:3,isValidBid
FNDA:1,constructor
FNDA:2,bid
DA:29,4
DA:30,3
DA:31,3
DA:32,3
DA:33,3
DA:37,3
DA:38,3
DA:39,3
DA:40,2
DA:43,1
DA:44,1
DA:45,1
DA:46,1
DA:47,1
DA:48,1
DA:49,1
DA:50,1
DA:51,1
DA:52,1
DA:53,1
DA:58,2
DA:59,2
DA:60,2
DA:61,2
LF:24
LH:24
BRDA:29,1,0,3
BRDA:29,1,1,1
BRDA:30,2,0,3
BRDA:30,2,1,0
BRDA:31,3,0,3
BRDA:31,3,1,0
BRDA:32,4,0,3
BRDA:32,4,1,0
BRDA:39,5,0,2
BRDA:39,5,1,1
BRDA:57,6,0,3
BRDA:57,6,1,1
BRDA:57,7,0,2
BRDA:57,7,1,1
BRF:14
BRH:11
end_of_record
